<?xml version="1.0" encoding="UTF-8"?>
<testsuite xmlns:xsi="http://www.w3.org/2001/XMLSchema-instance" xsi:noNamespaceSchemaLocation="https://maven.apache.org/surefire/maven-surefire-plugin/xsd/surefire-test-report.xsd" name="com.vivekchutke.reactive.ReactiveProgramming.sampleclasses.PersonTest" time="0.198" tests="6" errors="0" skipped="0" failures="0">
  <properties>
[...]
</properties>
  <testcase name="fluxText" classname="com.vivekchutke.reactive.ReactiveProgramming.sampleclasses.PersonTest" time="0.104"/>
  <testcase name="monoFilterTest" classname="com.vivekchutke.reactive.ReactiveProgramming.sampleclasses.PersonTest" time="0.039"/>
  <testcase name="monoTest" classname="com.vivekchutke.reactive.ReactiveProgramming.sampleclasses.PersonTest" time="0.001"/>
  <testcase name="fluxTestDelay" classname="com.vivekchutke.reactive.ReactiveProgramming.sampleclasses.PersonTest" time="0.013"/>
  <testcase name="fluxFilterTest" classname="com.vivekchutke.reactive.ReactiveProgramming.sampleclasses.PersonTest" time="0.002"/>
  <testcase name="monoTrasform" classname="com.vivekchutke.reactive.ReactiveProgramming.sampleclasses.PersonTest" time="0.002"/>
</testsuite>